

2025-04-28 20:13:49 - Tentative de connexion
POST Data: Array
(
    [email] => oussama@gmail.com
    [password] => oussama123
    [login] => Sign In
    [username] => oussama
    [lastname] => blg
)

Connexion réussie pour: oussama@gmail.com


2025-04-28 20:20:39 - Tentative de connexion
POST Data: Array
(
    [email] => oussama@gmail.com
    [password] => oussama123
    [login] => Sign In
    [username] => oussama
    [lastname] => blg
)



2025-04-28 20:20:56 - Tentative de connexion
POST Data: Array
(
    [email] => oussama@gmail.com
    [password] => oussama123
    [login] => Sign In
    [username] => oussama
    [lastname] => blg
)



2025-04-28 20:22:52 - Tentative de connexion
POST Data: Array
(
    [email] => 
    [password] => 
    [login] => Sign In
    [username] => 
    [lastname] => 
)

Champs manquants


2025-04-28 20:23:04 - Tentative de connexion
POST Data: Array
(
    [email] => 
    [password] => 
    [login] => Sign In
    [username] => 
    [lastname] => 
)

Champs manquants


2025-04-28 20:38:21 - Tentative de connexion
POST Data: Array
(
    [email] => 
    [password] => 
    [login] => Sign In
    [username] => 
    [lastname] => 
)

Champs manquants


2025-04-28 20:38:50 - Tentative de connexion
POST Data: Array
(
    [email] => 
    [password] => 
    [login] => Sign In
    [username] => 
    [lastname] => 
)

Champs manquants


2025-04-28 20:39:41 - Tentative de connexion
POST Data: Array
(
    [email] => 
    [password] => 
    [login] => Sign In
    [username] => 
    [lastname] => 
)

Champs manquants


2025-04-28 20:40:07 - Tentative de connexion
POST Data: Array
(
    [email] => 
    [password] => 
    [login] => Sign In
    [username] => 
    [lastname] => 
)

Champs manquants


2025-04-28 22:13:28 - Tentative de connexion
POST Data: Array
(
    [Email] => hazemblg6@gmail.com
    [Password] => hazem123
    [login] => Sign In
    [username] => 
    [lastname] => 
    [email] => 
    [password] => 
)

Champs manquants


2025-04-28 22:15:03 - Tentative de connexion
POST Data: Array
(
    [Email] => hazemblg6@gmail.com
    [Password] => hazem123
    [login] => Sign In
    [username] => 
    [lastname] => 
    [email] => 
    [password] => 
)

Champs manquants


2025-04-28 22:15:17 - Tentative de connexion
POST Data: Array
(
    [Email] => ahmedbns@gmail.com
    [Password] => ahmed123
    [login] => Sign In
    [username] => 
    [lastname] => 
    [email] => 
    [password] => 
)

Champs manquants
